[2m2024-04-06 00:00:12.014[0;39m [32m- INFO[0;39m [35m40091[0;39m [2m---[0;39m [2m[trap-executor-0][0;39m [36mc.n.d.s.r.aws.ConfigClusterResolver     [0;39m [2m:[0;39m Resolving eureka endpoints via configuration
-[2m2024-04-06 00:04:49.015[0;39m [31m-ERROR[0;39m [35m40091[0;39m [2m---[0;39m [2m[o-auto-1-exec-3][0;39m [36mo.h.a.a.MyWebClientExceptionHandler     [0;39m [2m:[0;39m MyWebClientExceptionHandler exception caught {"timestamp":"2024-04-05T18:34:49.011+00:00","status":500,"error":"Internal Server Error","path":"/abdm/hpr/getdoctordetails"}
-[2m2024-04-06 00:05:12.033[0;39m [32m- INFO[0;39m [35m40091[0;39m [2m---[0;39m [2m[trap-executor-0][0;39m [36mc.n.d.s.r.aws.ConfigClusterResolver     [0;39m [2m:[0;39m Resolving eureka endpoints via configuration
-[2m2024-04-06 00:10:12.034[0;39m [32m- INFO[0;39m [35m40091[0;39m [2m---[0;39m [2m[trap-executor-0][0;39m [36mc.n.d.s.r.aws.ConfigClusterResolver     [0;39m [2m:[0;39m Resolving eureka endpoints via configuration
-[2m2024-04-06 00:15:12.035[0;39m [32m- INFO[0;39m [35m40091[0;39m [2m---[0;39m [2m[trap-executor-0][0;39m [36mc.n.d.s.r.aws.ConfigClusterResolver     [0;39m [2m:[0;39m Resolving eureka endpoints via configuration
-[2m2024-04-06 00:20:12.036[0;39m [32m- INFO[0;39m [35m40091[0;39m [2m---[0;39m [2m[trap-executor-0][0;39m [36mc.n.d.s.r.aws.ConfigClusterResolver     [0;39m [2m:[0;39m Resolving eureka endpoints via configuration
-[2m2024-04-06 00:25:12.038[0;39m [32m- INFO[0;39m [35m40091[0;39m [2m---[0;39m [2m[trap-executor-0][0;39m [36mc.n.d.s.r.aws.ConfigClusterResolver     [0;39m [2m:[0;39m Resolving eureka endpoints via configuration
-[2m2024-04-06 00:29:17.247[0;39m [31m-ERROR[0;39m [35m40091[0;39m [2m---[0;39m [2m[o-auto-1-exec-5][0;39m [36mo.h.a.a.TokenRefreshExceptionHandler    [0;39m [2m:[0;39m Validation failed: {message=Refresh token is not in database!, status=403}
-[2m2024-04-06 00:30:12.039[0;39m [32m- INFO[0;39m [35m40091[0;39m [2m---[0;39m [2m[trap-executor-0][0;39m [36mc.n.d.s.r.aws.ConfigClusterResolver     [0;39m [2m:[0;39m Resolving eureka endpoints via configuration
-[2m2024-04-06 00:35:12.040[0;39m [32m- INFO[0;39m [35m40091[0;39m [2m---[0;39m [2m[trap-executor-0][0;39m [36mc.n.d.s.r.aws.ConfigClusterResolver     [0;39m [2m:[0;39m Resolving eureka endpoints via configuration
-[2m2024-04-06 00:40:12.041[0;39m [32m- INFO[0;39m [35m40091[0;39m [2m---[0;39m [2m[trap-executor-0][0;39m [36mc.n.d.s.r.aws.ConfigClusterResolver     [0;39m [2m:[0;39m Resolving eureka endpoints via configuration
-[2m2024-04-06 00:45:12.042[0;39m [32m- INFO[0;39m [35m40091[0;39m [2m---[0;39m [2m[trap-executor-0][0;39m [36mc.n.d.s.r.aws.ConfigClusterResolver     [0;39m [2m:[0;39m Resolving eureka endpoints via configuration
-[2m2024-04-06 00:50:12.043[0;39m [32m- INFO[0;39m [35m40091[0;39m [2m---[0;39m [2m[trap-executor-0][0;39m [36mc.n.d.s.r.aws.ConfigClusterResolver     [0;39m [2m:[0;39m Resolving eureka endpoints via configuration
-[2m2024-04-06 00:53:39.670[0;39m [31m-ERROR[0;39m [35m40091[0;39m [2m---[0;39m [2m[o-auto-1-exec-1][0;39m [36mo.h.a.a.MyWebClientExceptionHandler     [0;39m [2m:[0;39m MyWebClientExceptionHandler exception caught {"timestamp":"2024-04-05T19:23:39.667+00:00","status":500,"error":"Internal Server Error","path":"/abdm/hpr/getdoctordetails"}
-[2m2024-04-06 00:55:12.044[0;39m [32m- INFO[0;39m [35m40091[0;39m [2m---[0;39m [2m[trap-executor-0][0;39m [36mc.n.d.s.r.aws.ConfigClusterResolver     [0;39m [2m:[0;39m Resolving eureka endpoints via configuration
-[2m2024-04-06 01:00:12.045[0;39m [32m- INFO[0;39m [35m40091[0;39m [2m---[0;39m [2m[trap-executor-0][0;39m [36mc.n.d.s.r.aws.ConfigClusterResolver     [0;39m [2m:[0;39m Resolving eureka endpoints via configuration
-[2m2024-04-06 01:03:37.344[0;39m [32m- INFO[0;39m [35m40091[0;39m [2m---[0;39m [2m[ionShutdownHook][0;39m [36mo.s.c.n.e.s.EurekaServiceRegistry       [0;39m [2m:[0;39m Unregistering application ACCOUNT-SERVICE with eureka with status DOWN
-[2m2024-04-06 01:03:37.345[0;39m [32m- INFO[0;39m [35m40091[0;39m [2m---[0;39m [2m[ionShutdownHook][0;39m [36mcom.netflix.discovery.DiscoveryClient   [0;39m [2m:[0;39m Saw local status change event StatusChangeEvent [timestamp=1712345617345, current=DOWN, previous=UP]
-[2m2024-04-06 01:03:37.345[0;39m [32m- INFO[0;39m [35m40091[0;39m [2m---[0;39m [2m[nfoReplicator-0][0;39m [36mcom.netflix.discovery.DiscoveryClient   [0;39m [2m:[0;39m DiscoveryClient_ACCOUNT-SERVICE/192.168.0.116:account-service:0: registering service...
-[2m2024-04-06 01:03:37.357[0;39m [32m- INFO[0;39m [35m40091[0;39m [2m---[0;39m [2m[nfoReplicator-0][0;39m [36mcom.netflix.discovery.DiscoveryClient   [0;39m [2m:[0;39m DiscoveryClient_ACCOUNT-SERVICE/192.168.0.116:account-service:0 - registration status: 204
-[2m2024-04-06 01:03:39.406[0;39m [32m- INFO[0;39m [35m40091[0;39m [2m---[0;39m [2m[ionShutdownHook][0;39m [36mj.LocalContainerEntityManagerFactoryBean[0;39m [2m:[0;39m Closing JPA EntityManagerFactory for persistence unit 'default'
-[2m2024-04-06 01:03:39.408[0;39m [32m- INFO[0;39m [35m40091[0;39m [2m---[0;39m [2m[ionShutdownHook][0;39m [36mcom.zaxxer.hikari.HikariDataSource      [0;39m [2m:[0;39m HikariPool-1 - Shutdown initiated...
-[2m2024-04-06 01:03:39.412[0;39m [32m- INFO[0;39m [35m40091[0;39m [2m---[0;39m [2m[ionShutdownHook][0;39m [36mcom.zaxxer.hikari.HikariDataSource      [0;39m [2m:[0;39m HikariPool-1 - Shutdown completed.
-[2m2024-04-06 01:03:39.413[0;39m [32m- INFO[0;39m [35m40091[0;39m [2m---[0;39m [2m[ionShutdownHook][0;39m [36mcom.netflix.discovery.DiscoveryClient   [0;39m [2m:[0;39m Shutting down DiscoveryClient ...
-